<?xml version="1.0" encoding="UTF-8"?>
<!-- Generated by org.testng.reporters.JUnitReportReporter -->
<testsuite skipped="0" hostname="DESKTOP-89T6HP3" name="runner.RunTest" tests="1" failures="0" timestamp="14 Feb 2023 04:43:40 GMT" time="9.556" errors="0">
  <testcase name="runScenario" time="9.556" classname="runner.RunTest"/>
</testsuite> <!-- runner.RunTest -->
